# JRE version: Java(TM) SE Runtime Environment (17.0.12+8) (build 17.0.12+8-LTS-286)
# Java VM: Java HotSpot(TM) 64-Bit Server VM (17.0.12+8-LTS-286, mixed mode, sharing, tiered, compressed oops, compressed class ptrs, g1 gc, windows-amd64)
GC Precious Log:
 CPUs: 8 total, 8 available
 Memory: 7957M
 Large Page Support: Disabled
 NUMA Support: Disabled
 Compressed Oops: Enabled (32-bit)
 Heap Region Size: 1M
 Heap Min Capacity: 8M
 Heap Initial Capacity: 126M
 Heap Max Capacity: 1990M
 Pre-touch: Disabled
 Parallel Workers: 8
 Concurrent Workers: 2
 Concurrent Refinement Workers: 8
 Periodic GC: Disabled
Heap:
 garbage-first heap   total 81920K, used 46817K [0x0000000083a00000, 0x0000000100000000)
  region size 1024K, 10 young (10240K), 4 survivors (4096K)
 Metaspace       used 79124K, committed 79872K, reserved 1179648K
  class space    used 10806K, committed 11200K, reserved 1048576K
GC Heap History (20 events):
Event: 16.070 GC heap before
{Heap before GC invocations=10 (full 0):
 garbage-first heap   total 81920K, used 65231K [0x0000000083a00000, 0x0000000100000000)
  region size 1024K, 48 young (49152K), 6 survivors (6144K)
 Metaspace       used 39906K, committed 40448K, reserved 1114112K
  class space    used 5207K, committed 5440K, reserved 1048576K
}
Event: 16.084 GC heap after
{Heap after GC invocations=11 (full 0):
 garbage-first heap   total 81920K, used 25050K [0x0000000083a00000, 0x0000000100000000)
  region size 1024K, 6 young (6144K), 6 survivors (6144K)
 Metaspace       used 39906K, committed 40448K, reserved 1114112K
  class space    used 5207K, committed 5440K, reserved 1048576K
}
Event: 19.437 GC heap before
{Heap before GC invocations=11 (full 0):
 garbage-first heap   total 81920K, used 61914K [0x0000000083a00000, 0x0000000100000000)
  region size 1024K, 42 young (43008K), 6 survivors (6144K)
 Metaspace       used 48586K, committed 49152K, reserved 1114112K
  class space    used 6496K, committed 6784K, reserved 1048576K
}
Event: 19.453 GC heap after
{Heap after GC invocations=12 (full 0):
 garbage-first heap   total 81920K, used 26928K [0x0000000083a00000, 0x0000000100000000)
  region size 1024K, 5 young (5120K), 5 survivors (5120K)
 Metaspace       used 48586K, committed 49152K, reserved 1114112K
  class space    used 6496K, committed 6784K, reserved 1048576K
}
Event: 21.592 GC heap before
{Heap before GC invocations=12 (full 0):
 garbage-first heap   total 81920K, used 61744K [0x0000000083a00000, 0x0000000100000000)
  region size 1024K, 40 young (40960K), 5 survivors (5120K)
 Metaspace       used 56391K, committed 56960K, reserved 1114112K
  class space    used 7484K, committed 7744K, reserved 1048576K
}
Event: 21.603 GC heap after
{Heap after GC invocations=13 (full 0):
 garbage-first heap   total 81920K, used 29231K [0x0000000083a00000, 0x0000000100000000)
  region size 1024K, 5 young (5120K), 5 survivors (5120K)
 Metaspace       used 56391K, committed 56960K, reserved 1114112K
  class space    used 7484K, committed 7744K, reserved 1048576K
}
Event: 22.272 GC heap before
{Heap before GC invocations=13 (full 0):
 garbage-first heap   total 81920K, used 40495K [0x0000000083a00000, 0x0000000100000000)
  region size 1024K, 17 young (17408K), 5 survivors (5120K)
 Metaspace       used 59868K, committed 60416K, reserved 1114112K
  class space    used 8146K, committed 8448K, reserved 1048576K
}
Event: 22.279 GC heap after
{Heap after GC invocations=14 (full 0):
 garbage-first heap   total 81920K, used 29927K [0x0000000083a00000, 0x0000000100000000)
  region size 1024K, 3 young (3072K), 3 survivors (3072K)
 Metaspace       used 59868K, committed 60416K, reserved 1114112K
  class space    used 8146K, committed 8448K, reserved 1048576K
}
Event: 24.061 GC heap before
{Heap before GC invocations=15 (full 0):
 garbage-first heap   total 81920K, used 64743K [0x0000000083a00000, 0x0000000100000000)
  region size 1024K, 37 young (37888K), 3 survivors (3072K)
 Metaspace       used 65643K, committed 66240K, reserved 1114112K
  class space    used 8968K, committed 9280K, reserved 1048576K
}
Event: 24.069 GC heap after
{Heap after GC invocations=16 (full 0):
 garbage-first heap   total 81920K, used 31975K [0x0000000083a00000, 0x0000000100000000)
  region size 1024K, 5 young (5120K), 5 survivors (5120K)
 Metaspace       used 65643K, committed 66240K, reserved 1114112K
  class space    used 8968K, committed 9280K, reserved 1048576K
}
Event: 25.548 GC heap before
{Heap before GC invocations=16 (full 0):
 garbage-first heap   total 81920K, used 64743K [0x0000000083a00000, 0x0000000100000000)
  region size 1024K, 37 young (37888K), 5 survivors (5120K)
 Metaspace       used 68604K, committed 69120K, reserved 1114112K
  class space    used 9412K, committed 9664K, reserved 1048576K
}
Event: 25.558 GC heap after
{Heap after GC invocations=17 (full 0):
 garbage-first heap   total 81920K, used 34015K [0x0000000083a00000, 0x0000000100000000)
  region size 1024K, 5 young (5120K), 5 survivors (5120K)
 Metaspace       used 68604K, committed 69120K, reserved 1114112K
  class space    used 9412K, committed 9664K, reserved 1048576K
}
Event: 26.891 GC heap before
{Heap before GC invocations=17 (full 0):
 garbage-first heap   total 81920K, used 65759K [0x0000000083a00000, 0x0000000100000000)
  region size 1024K, 36 young (36864K), 5 survivors (5120K)
 Metaspace       used 70848K, committed 71424K, reserved 1114112K
  class space    used 9690K, committed 9984K, reserved 1048576K
}
Event: 26.902 GC heap after
{Heap after GC invocations=18 (full 0):
 garbage-first heap   total 81920K, used 36728K [0x0000000083a00000, 0x0000000100000000)
  region size 1024K, 5 young (5120K), 5 survivors (5120K)
 Metaspace       used 70848K, committed 71424K, reserved 1114112K
  class space    used 9690K, committed 9984K, reserved 1048576K
}
Event: 27.854 GC heap before
{Heap before GC invocations=18 (full 0):
 garbage-first heap   total 81920K, used 66424K [0x0000000083a00000, 0x0000000100000000)
  region size 1024K, 34 young (34816K), 5 survivors (5120K)
 Metaspace       used 72049K, committed 72640K, reserved 1114112K
  class space    used 9877K, committed 10176K, reserved 1048576K
}
Event: 27.866 GC heap after
{Heap after GC invocations=19 (full 0):
 garbage-first heap   total 81920K, used 38706K [0x0000000083a00000, 0x0000000100000000)
  region size 1024K, 5 young (5120K), 5 survivors (5120K)
 Metaspace       used 72049K, committed 72640K, reserved 1114112K
  class space    used 9877K, committed 10176K, reserved 1048576K
}
Event: 30.299 GC heap before
{Heap before GC invocations=19 (full 0):
 garbage-first heap   total 81920K, used 66354K [0x0000000083a00000, 0x0000000100000000)
  region size 1024K, 32 young (32768K), 5 survivors (5120K)
 Metaspace       used 74244K, committed 74880K, reserved 1114112K
  class space    used 10192K, committed 10496K, reserved 1048576K
}
Event: 30.307 GC heap after
{Heap after GC invocations=20 (full 0):
 garbage-first heap   total 81920K, used 39387K [0x0000000083a00000, 0x0000000100000000)
  region size 1024K, 4 young (4096K), 4 survivors (4096K)
 Metaspace       used 74244K, committed 74880K, reserved 1114112K
  class space    used 10192K, committed 10496K, reserved 1048576K
}
Event: 45.740 GC heap before
{Heap before GC invocations=20 (full 0):
 garbage-first heap   total 81920K, used 64987K [0x0000000083a00000, 0x0000000100000000)
  region size 1024K, 30 young (30720K), 4 survivors (4096K)
 Metaspace       used 78726K, committed 79488K, reserved 1179648K
  class space    used 10796K, committed 11200K, reserved 1048576K
}
Event: 45.763 GC heap after
{Heap after GC invocations=21 (full 0):
 garbage-first heap   total 81920K, used 41697K [0x0000000083a00000, 0x0000000100000000)
  region size 1024K, 4 young (4096K), 4 survivors (4096K)
 Metaspace       used 78726K, committed 79488K, reserved 1179648K
  class space    used 10796K, committed 11200K, reserved 1048576K
}

